[RANK 0] 2025-09-10 13:49:43,110 [INFO] (SimpleTuner) Using env configuration backend.
[RANK 0] 2025-09-10 13:49:43,111 [INFO] (SimpleTuner) [CONFIG.ENV] Loaded environment variables from config/config.env
[RANK 0] 2025-09-10 13:49:43,112 [INFO] (SimpleTuner) Loaded environment variables: [
    "--data_backend_config=SimpleTuner/config/multidatabackend.json",
    "--output_dir=model_weights/flux",
    "--model_type=full",
    "--model_family=flux",
    "--train_batch_size=4",
    "--validation_resolution=112x112",
    "--validation_prompt=Agent is in a room surrounded by blue walls.",
    "--optimizer=adamw_bf16",
    "--learning_rate=1e-6",
    "--base_model_precision=no_change"
]
[RANK 0] 2025-09-10 13:49:43,128 [WARNING] (ArgsParser) The VAE model madebyollin/sdxl-vae-fp16-fix is not compatible. Please use a compatible VAE to eliminate this warning. The baked-in VAE will be used, instead.
[RANK 0] 2025-09-10 13:49:43,128 [INFO] (ArgsParser) VAE Model: None
[RANK 0] 2025-09-10 13:49:43,129 [INFO] (ArgsParser) Default VAE Cache location: 
[RANK 0] 2025-09-10 13:49:43,129 [INFO] (ArgsParser) Text Cache location: cache
[RANK 0] 2025-09-10 13:49:43,129 [INFO] (ArgsParser) Enabled NVIDIA TF32 for faster training on Ampere GPUs. Use --disable_tf32 if this causes any problems.
[RANK 0] 2025-09-10 13:49:45,304 [INFO] (SimpleTuner) Load VAE: black-forest-labs/flux.1-krea-dev
[RANK 0] 2025-09-10 13:49:45,305 [INFO] (helpers.models.common) Loading AutoencoderKL from black-forest-labs/flux.1-krea-dev
[RANK 0] 2025-09-10 13:49:46,882 [INFO] (helpers.models.common) Moving AutoencoderKL to accelerator, converting from torch.float32 to torch.bfloat16
[RANK 0] 2025-09-10 13:49:47,233 [INFO] (helpers.models.common) Loading tokenizer 1: CLIPTokenizer with args: {'subfolder': 'tokenizer', 'revision': None, 'use_fast': False, 'pretrained_model_name_or_path': 'black-forest-labs/flux.1-krea-dev'}
[RANK 0] 2025-09-10 13:49:48,314 [INFO] (helpers.models.common) Loading tokenizer 2: T5TokenizerFast with args: {'subfolder': 'tokenizer_2', 'revision': None, 'use_fast': False, 'pretrained_model_name_or_path': 'black-forest-labs/flux.1-krea-dev'}
[RANK 0] 2025-09-10 13:49:49,788 [INFO] (helpers.models.common) Loading CLIP-L/14 text encoder
[RANK 0] 2025-09-10 13:49:51,085 [INFO] (helpers.models.common) Moving CLIP-L/14 to GPU
[RANK 0] 2025-09-10 13:49:51,221 [INFO] (helpers.models.common) Loading T5 XXL v1.1 text encoder
[RANK 0] 2025-09-10 13:49:59,320 [INFO] (helpers.models.common) Moving T5 XXL v1.1 to GPU
[RANK 0] 2025-09-10 13:50:07,147 [INFO] (DataBackendFactory) Loading data backend config from SimpleTuner/config/multidatabackend.json
[RANK 0] 2025-09-10 13:50:07,148 [INFO] (DataBackendFactory) Configuring text embed backend: alt-embed-cache
[RANK 0] 2025-09-10 13:50:07,150 [WARNING] (StateTracker) (rank=None) Deleted cache file: model_weights/flux/all_text_cache_files_alt-embed-cache.json
[RANK 0] 2025-09-10 13:50:07,151 [INFO] (DataBackendFactory) Moving text encoder 1 to cuda from cuda:0
[RANK 0] 2025-09-10 13:50:07,157 [INFO] (DataBackendFactory) Moving text encoder 2 to cuda from cuda:0
[RANK 0] 2025-09-10 13:50:07,171 [INFO] (TextEmbeddingCache) (Rank: 0) (id=alt-embed-cache) Listing all text embed cache entries
[RANK 0] 2025-09-10 13:50:07,172 [WARNING] (StateTracker) No cache file was found: model_weights/flux/all_text_cache_files_alt-embed-cache.json
[RANK 0] 2025-09-10 13:50:07,175 [WARNING] (DataBackendFactory) No default text embed was defined, using alt-embed-cache as the default. See this page for information about the default text embed backend: https://github.com/bghira/SimpleTuner/blob/main/documentation/DATALOADER.md#configuration-options
[RANK 0] 2025-09-10 13:50:07,175 [INFO] (DataBackendFactory) Completed loading text embed services.
[RANK 0] 2025-09-10 13:50:07,176 [INFO] (DataBackendFactory) Configuring data backend: simplepickup
[RANK 0] 2025-09-10 13:50:07,177 [WARNING] (StateTracker) No cache file was found: model_weights/flux/aspect_resolution_map-512.json
[RANK 0] 2025-09-10 13:50:07,177 [INFO] (DataBackendFactory) (id=simplepickup) Loading bucket manager.
[RANK 0] 2025-09-10 13:50:07,181 [WARNING] (DiscoveryMetadataBackend) No cache file found, creating new one.
[RANK 0] 2025-09-10 13:50:07,182 [INFO] (DataBackendFactory) Configured backend: {'id': 'simplepickup', 'config': {'vae_cache_clear_each_epoch': True, 'probability': 1.0, 'repeats': 1, 'crop': False, 'crop_aspect': 'square', 'crop_aspect_buckets': None, 'crop_style': 'center', 'disable_validation': False, 'resolution': 512, 'resolution_type': 'pixel', 'caption_strategy': 'filename', 'instance_data_dir': 'data/SimplePickup/training', 'maximum_image_size': 512, 'target_downsample_size': 512, 'dataset_type': 'image', 'config_version': 2}, 'dataset_type': 'image', 'instance_data_dir': 'data/SimplePickup/training'}
[RANK 0] 2025-09-10 13:56:51,214 [ERROR] (SimpleTuner) No images were discovered by the bucket manager in the dataset: simplepickup., traceback: Traceback (most recent call last):
  File "/weka/s222147455/LG-MAGIK/SimpleTuner/helpers/training/trainer.py", line 489, in init_data_backend
    configure_multi_databackend(
  File "/weka/s222147455/LG-MAGIK/SimpleTuner/helpers/data_backend/factory.py", line 1461, in configure_multi_databackend
    raise Exception(
Exception: No images were discovered by the bucket manager in the dataset: simplepickup.

